Using pre-set license
Built from '2020.3/release' branch; Version is '2020.3.1f1 (77a89f25062f) revision 7841951'; Using compiler version '192528614'; Build Type 'Release'
OS: 'Windows 10 Pro; OS build 19042.985; Version 2009; 64bit' Language: 'cs' Physical Memory: 16318 MB
BatchMode: 1, IsHumanControllingUs: 0, StartBugReporterOnCrash: 0, Is64bit: 1, IsPro: 0

 COMMAND LINE ARGUMENTS:
C:\Program Files\Unity\Hub\Editor\2020.3.1f1\Editor\Unity.exe
-adb2
-batchMode
-noUpm
-name
AssetImportWorker0
-projectPath
E:/Pepe/škola/programko/Jurske_tresne/actual projekt
-logFile
Logs/AssetImportWorker0.log
-srvPort
58756
Successfully changed project path to: E:/Pepe/škola/programko/Jurske_tresne/actual projekt
E:/Pepe/škola/programko/Jurske_tresne/actual projekt
Using Asset Import Pipeline V2.
Refreshing native plugins compatible for Editor in 38.73 ms, found 1 plugins.
Preloading 0 native plugins for Editor in 0.00 ms.
Initialize engine version: 2020.3.1f1 (77a89f25062f)
[Subsystems] Discovering subsystems at path C:/Program Files/Unity/Hub/Editor/2020.3.1f1/Editor/Data/Resources/UnitySubsystems
[Subsystems] Discovering subsystems at path E:/Pepe/škola/programko/Jurske_tresne/actual projekt/Assets
GfxDevice: creating device client; threaded=0
Direct3D:
    Version:  Direct3D 11.0 [level 11.1]
    Renderer: NVIDIA GeForce GTX 1060 6GB (ID=0x1c03)
    Vendor:   
    VRAM:     6052 MB
    Driver:   27.21.14.6079
Initialize mono
Mono path[0] = 'C:/Program Files/Unity/Hub/Editor/2020.3.1f1/Editor/Data/Managed'
Mono path[1] = 'C:/Program Files/Unity/Hub/Editor/2020.3.1f1/Editor/Data/MonoBleedingEdge/lib/mono/unityjit'
Mono config path = 'C:/Program Files/Unity/Hub/Editor/2020.3.1f1/Editor/Data/MonoBleedingEdge/etc'
Using monoOptions --debugger-agent=transport=dt_socket,embedding=1,server=y,suspend=n,address=127.0.0.1:56740
Begin MonoManager ReloadAssembly
Registering precompiled unity dll's ...
Register platform support module: C:/Program Files/Unity/Hub/Editor/2020.3.1f1/Editor/Data/PlaybackEngines/WebGLSupport/UnityEditor.WebGL.Extensions.dll
Register platform support module: C:/Program Files/Unity/Hub/Editor/2020.3.1f1/Editor/Data/PlaybackEngines/WindowsStandaloneSupport/UnityEditor.WindowsStandalone.Extensions.dll
Registered in 0.003525 seconds.
Native extension for WindowsStandalone target not found
Native extension for WebGL target not found
Refreshing native plugins compatible for Editor in 41.27 ms, found 1 plugins.
Preloading 0 native plugins for Editor in 0.00 ms.
Invoked RoslynAnalysisRunner static constructor.
RoslynAnalysisRunner will not be running.
RoslynAnalysisRunner has terminated.
Mono: successfully reloaded assembly
- Completed reload, in  1.359 seconds
Platform modules already initialized, skipping
Registering precompiled user dll's ...
Registered in 0.001036 seconds.
Begin MonoManager ReloadAssembly
Native extension for WindowsStandalone target not found
Native extension for WebGL target not found
Refreshing native plugins compatible for Editor in 39.14 ms, found 1 plugins.
Preloading 0 native plugins for Editor in 0.00 ms.
Invoked RoslynAnalysisRunner static constructor.
RoslynAnalysisRunner will not be running.
RoslynAnalysisRunner has terminated.
Mono: successfully reloaded assembly
- Completed reload, in  1.005 seconds
Platform modules already initialized, skipping
========================================================================
Worker process is ready to serve import requests
Launched and connected shader compiler UnityShaderCompiler.exe after 0.04 seconds
Refreshing native plugins compatible for Editor in 0.39 ms, found 1 plugins.
Preloading 0 native plugins for Editor in 0.00 ms.
Unloading 1850 Unused Serialized files (Serialized files now loaded: 0)
System memory in use before: 87.4 MB.
System memory in use after: 87.5 MB.

Unloading 19 unused Assets to reduce memory usage. Loaded Objects now: 2299.
Total: 2.195000 ms (FindLiveObjects: 0.253200 ms CreateObjectMapping: 0.048900 ms MarkObjects: 1.815000 ms  DeleteObjects: 0.076700 ms)

========================================================================
Received Import Request.
  path: Assets/Scenes/Level10.unity
  artifactKey: Guid(3bdb0a6b15f19a740aad2a40e437ef1c) Importer(815301076,1909f56bfc062723c751e8b465ee728b)
Start importing Assets/Scenes/Level10.unity using Guid(3bdb0a6b15f19a740aad2a40e437ef1c) Importer(815301076,1909f56bfc062723c751e8b465ee728b)  -> (artifact id: '8ca0d2fefcda383137d6aa6b25625bef') in 0.018430 seconds
  Import took 0.042681 seconds .

========================================================================
Received Import Request.
  Time since last request: 0.324120 seconds.
  path: Assets/prefabs/Pozadi.prefab
  artifactKey: Guid(9a152fcddaea7dc4786ff67beb6e4036) Importer(815301076,1909f56bfc062723c751e8b465ee728b)
Start importing Assets/prefabs/Pozadi.prefab using Guid(9a152fcddaea7dc4786ff67beb6e4036) Importer(815301076,1909f56bfc062723c751e8b465ee728b)  -> (artifact id: 'd6544a053356dd3f39862d7bb3183c4a') in 1.181086 seconds
  Import took 1.186522 seconds .

========================================================================
Received Import Request.
  Time since last request: 15.718085 seconds.
  path: Assets/prefabs/VlnaSpustena.prefab
  artifactKey: Guid(35e6aea1dde38e54e989488baf330573) Importer(815301076,1909f56bfc062723c751e8b465ee728b)
Start importing Assets/prefabs/VlnaSpustena.prefab using Guid(35e6aea1dde38e54e989488baf330573) Importer(815301076,1909f56bfc062723c751e8b465ee728b)  -> (artifact id: '3b30b8c86524b93b74e459f63e781e07') in 0.020076 seconds
  Import took 0.023213 seconds .

========================================================================
Received Import Request.
  Time since last request: 5.200376 seconds.
  path: Assets/prefabs/VlnaSpustena.prefab
  artifactKey: Guid(35e6aea1dde38e54e989488baf330573) Importer(815301076,1909f56bfc062723c751e8b465ee728b)
Start importing Assets/prefabs/VlnaSpustena.prefab using Guid(35e6aea1dde38e54e989488baf330573) Importer(815301076,1909f56bfc062723c751e8b465ee728b)  -> (artifact id: '4ca18a0154b82262c54ea6a7270a1458') in 0.004047 seconds
  Import took 0.007133 seconds .

========================================================================
Received Import Request.
  Time since last request: 3.325434 seconds.
  path: Assets/prefabs/VlnaSpustena.prefab
  artifactKey: Guid(35e6aea1dde38e54e989488baf330573) Importer(815301076,1909f56bfc062723c751e8b465ee728b)
Start importing Assets/prefabs/VlnaSpustena.prefab using Guid(35e6aea1dde38e54e989488baf330573) Importer(815301076,1909f56bfc062723c751e8b465ee728b)  -> (artifact id: 'cbda039f5d52a5433ada8e802494961f') in 0.004482 seconds
  Import took 0.007594 seconds .

========================================================================
Received Import Request.
  Time since last request: 1085.775760 seconds.
  path: Assets/prefabs/Odmitnuti.prefab
  artifactKey: Guid(9ed3bfa99f9f42e45bc3adc1dee71137) Importer(815301076,1909f56bfc062723c751e8b465ee728b)
Start importing Assets/prefabs/Odmitnuti.prefab using Guid(9ed3bfa99f9f42e45bc3adc1dee71137) Importer(815301076,1909f56bfc062723c751e8b465ee728b)  -> (artifact id: 'd71d15307385a82f2bc6d6d1c30c83a0') in 0.009321 seconds
  Import took 0.012689 seconds .

========================================================================
Received Import Request.
  Time since last request: 3.856517 seconds.
  path: Assets/prefabs/Odmitnuti.prefab
  artifactKey: Guid(9ed3bfa99f9f42e45bc3adc1dee71137) Importer(815301076,1909f56bfc062723c751e8b465ee728b)
Start importing Assets/prefabs/Odmitnuti.prefab using Guid(9ed3bfa99f9f42e45bc3adc1dee71137) Importer(815301076,1909f56bfc062723c751e8b465ee728b)  -> (artifact id: 'c54a03b3d06f28b871697a9dab080c2f') in 0.004190 seconds
  Import took 0.007881 seconds .

========================================================================
Received Import Request.
  Time since last request: 7.848003 seconds.
  path: Assets/prefabs/Odmitnuti.prefab
  artifactKey: Guid(9ed3bfa99f9f42e45bc3adc1dee71137) Importer(815301076,1909f56bfc062723c751e8b465ee728b)
Start importing Assets/prefabs/Odmitnuti.prefab using Guid(9ed3bfa99f9f42e45bc3adc1dee71137) Importer(815301076,1909f56bfc062723c751e8b465ee728b)  -> (artifact id: '8434e34167254ac013a8f47b29345747') in 0.003800 seconds
  Import took 0.006867 seconds .

========================================================================
Received Import Request.
  Time since last request: 4.172752 seconds.
  path: Assets/prefabs/Vyhra.prefab
  artifactKey: Guid(f84bb9488b37a4b48af5c01a34ab3d5a) Importer(815301076,1909f56bfc062723c751e8b465ee728b)
Start importing Assets/prefabs/Vyhra.prefab using Guid(f84bb9488b37a4b48af5c01a34ab3d5a) Importer(815301076,1909f56bfc062723c751e8b465ee728b)  -> (artifact id: '2d7d1b981603d29511f8bafed94ee09f') in 0.051990 seconds
  Import took 0.057569 seconds .

========================================================================
Received Import Request.
  Time since last request: 3.759165 seconds.
  path: Assets/prefabs/Vyhra.prefab
  artifactKey: Guid(f84bb9488b37a4b48af5c01a34ab3d5a) Importer(815301076,1909f56bfc062723c751e8b465ee728b)
Start importing Assets/prefabs/Vyhra.prefab using Guid(f84bb9488b37a4b48af5c01a34ab3d5a) Importer(815301076,1909f56bfc062723c751e8b465ee728b)  -> (artifact id: 'd79aa6493317ecc36875a2cdb7582e02') in 0.042632 seconds
  Import took 0.048747 seconds .

========================================================================
Received Import Request.
  Time since last request: 2.755781 seconds.
  path: Assets/prefabs/Vyhra.prefab
  artifactKey: Guid(f84bb9488b37a4b48af5c01a34ab3d5a) Importer(815301076,1909f56bfc062723c751e8b465ee728b)
Start importing Assets/prefabs/Vyhra.prefab using Guid(f84bb9488b37a4b48af5c01a34ab3d5a) Importer(815301076,1909f56bfc062723c751e8b465ee728b)  -> (artifact id: '68985e2d4abd1f4424b03f58173639b6') in 0.035442 seconds
  Import took 0.040872 seconds .

========================================================================
Received Import Request.
  Time since last request: 7.986048 seconds.
  path: Assets/prefabs/Prohra.prefab
  artifactKey: Guid(751cf18f4801c0941ab310cd662e2056) Importer(815301076,1909f56bfc062723c751e8b465ee728b)
Start importing Assets/prefabs/Prohra.prefab using Guid(751cf18f4801c0941ab310cd662e2056) Importer(815301076,1909f56bfc062723c751e8b465ee728b)  -> (artifact id: 'c5248f69ae22d855cc643a8bc985cb41') in 0.040797 seconds
  Import took 0.046349 seconds .

========================================================================
Received Import Request.
  Time since last request: 2.885547 seconds.
  path: Assets/prefabs/Prohra.prefab
  artifactKey: Guid(751cf18f4801c0941ab310cd662e2056) Importer(815301076,1909f56bfc062723c751e8b465ee728b)
Start importing Assets/prefabs/Prohra.prefab using Guid(751cf18f4801c0941ab310cd662e2056) Importer(815301076,1909f56bfc062723c751e8b465ee728b)  -> (artifact id: '1aac7be1511d1955f3753a96ff5a49f1') in 0.041763 seconds
  Import took 0.047856 seconds .

========================================================================
Received Import Request.
  Time since last request: 1.521437 seconds.
  path: Assets/prefabs/Prohra.prefab
  artifactKey: Guid(751cf18f4801c0941ab310cd662e2056) Importer(815301076,1909f56bfc062723c751e8b465ee728b)
Start importing Assets/prefabs/Prohra.prefab using Guid(751cf18f4801c0941ab310cd662e2056) Importer(815301076,1909f56bfc062723c751e8b465ee728b)  -> (artifact id: '8f2bede46d1a286881d395b69ce5fad9') in 0.036137 seconds
  Import took 0.041613 seconds .

========================================================================
Received Prepare
Registering precompiled user dll's ...
Registered in 0.070857 seconds.
Begin MonoManager ReloadAssembly
Native extension for WindowsStandalone target not found
Native extension for WebGL target not found
Refreshing native plugins compatible for Editor in 0.40 ms, found 1 plugins.
Preloading 0 native plugins for Editor in 0.00 ms.
Invoked RoslynAnalysisRunner static constructor.
RoslynAnalysisRunner will not be running.
RoslynAnalysisRunner has terminated.
Mono: successfully reloaded assembly
- Completed reload, in  0.967 seconds
Platform modules already initialized, skipping
Refreshing native plugins compatible for Editor in 0.39 ms, found 1 plugins.
Preloading 0 native plugins for Editor in 0.00 ms.
Unloading 1828 Unused Serialized files (Serialized files now loaded: 0)
System memory in use before: 89.3 MB.
System memory in use after: 89.4 MB.

Unloading 9 unused Assets to reduce memory usage. Loaded Objects now: 2311.
Total: 2.107400 ms (FindLiveObjects: 0.222900 ms CreateObjectMapping: 0.046600 ms MarkObjects: 1.801500 ms  DeleteObjects: 0.035400 ms)

========================================================================
Received Prepare
Refreshing native plugins compatible for Editor in 1.95 ms, found 1 plugins.
Preloading 0 native plugins for Editor in 0.00 ms.
Unloading 6 Unused Serialized files (Serialized files now loaded: 0)
System memory in use before: 53.2 MB.
System memory in use after: 53.4 MB.

Unloading 5 unused Assets to reduce memory usage. Loaded Objects now: 2311.
Total: 2.129300 ms (FindLiveObjects: 0.293500 ms CreateObjectMapping: 0.059100 ms MarkObjects: 1.760600 ms  DeleteObjects: 0.014400 ms)

========================================================================
Received Prepare
Registering precompiled user dll's ...
Registered in 0.001418 seconds.
Begin MonoManager ReloadAssembly
Native extension for WindowsStandalone target not found
Native extension for WebGL target not found
Refreshing native plugins compatible for Editor in 0.39 ms, found 1 plugins.
Preloading 0 native plugins for Editor in 0.00 ms.
Invoked RoslynAnalysisRunner static constructor.
RoslynAnalysisRunner will not be running.
RoslynAnalysisRunner has terminated.
Mono: successfully reloaded assembly
- Completed reload, in  0.926 seconds
Platform modules already initialized, skipping
Refreshing native plugins compatible for Editor in 0.39 ms, found 1 plugins.
Preloading 0 native plugins for Editor in 0.00 ms.
Unloading 1828 Unused Serialized files (Serialized files now loaded: 0)
System memory in use before: 89.3 MB.
System memory in use after: 89.4 MB.

Unloading 8 unused Assets to reduce memory usage. Loaded Objects now: 2314.
Total: 2.735700 ms (FindLiveObjects: 0.252300 ms CreateObjectMapping: 0.048600 ms MarkObjects: 2.414800 ms  DeleteObjects: 0.018500 ms)

========================================================================
Received Prepare
Registering precompiled user dll's ...
Registered in 0.001163 seconds.
Begin MonoManager ReloadAssembly
Native extension for WindowsStandalone target not found
Native extension for WebGL target not found
Refreshing native plugins compatible for Editor in 0.39 ms, found 1 plugins.
Preloading 0 native plugins for Editor in 0.00 ms.
Invoked RoslynAnalysisRunner static constructor.
RoslynAnalysisRunner will not be running.
RoslynAnalysisRunner has terminated.
Mono: successfully reloaded assembly
- Completed reload, in  0.985 seconds
Platform modules already initialized, skipping
Refreshing native plugins compatible for Editor in 0.46 ms, found 1 plugins.
Preloading 0 native plugins for Editor in 0.00 ms.
Unloading 1828 Unused Serialized files (Serialized files now loaded: 0)
System memory in use before: 89.3 MB.
System memory in use after: 89.4 MB.

Unloading 8 unused Assets to reduce memory usage. Loaded Objects now: 2317.
Total: 2.217800 ms (FindLiveObjects: 0.234400 ms CreateObjectMapping: 0.046500 ms MarkObjects: 1.919400 ms  DeleteObjects: 0.016200 ms)

========================================================================
Received Import Request.
  Time since last request: 6502.293433 seconds.
  path: Assets/Scenes/Level3.unity
  artifactKey: Guid(430d6804dec0cfc43a59378e56f7ae12) Importer(815301076,1909f56bfc062723c751e8b465ee728b)
Start importing Assets/Scenes/Level3.unity using Guid(430d6804dec0cfc43a59378e56f7ae12) Importer(815301076,1909f56bfc062723c751e8b465ee728b)  -> (artifact id: '7b24b65b2f3a9a9a0e38e672fd5fb497') in 0.016662 seconds
  Import took 0.019931 seconds .

========================================================================
Received Prepare
Registering precompiled user dll's ...
Registered in 0.001199 seconds.
Begin MonoManager ReloadAssembly
Native extension for WindowsStandalone target not found
Native extension for WebGL target not found
Refreshing native plugins compatible for Editor in 0.39 ms, found 1 plugins.
Preloading 0 native plugins for Editor in 0.00 ms.
Invoked RoslynAnalysisRunner static constructor.
RoslynAnalysisRunner will not be running.
RoslynAnalysisRunner has terminated.
Mono: successfully reloaded assembly
- Completed reload, in  0.910 seconds
Platform modules already initialized, skipping
Refreshing native plugins compatible for Editor in 0.40 ms, found 1 plugins.
Preloading 0 native plugins for Editor in 0.00 ms.
Unloading 1828 Unused Serialized files (Serialized files now loaded: 0)
System memory in use before: 89.3 MB.
System memory in use after: 89.4 MB.

Unloading 8 unused Assets to reduce memory usage. Loaded Objects now: 2320.
Total: 2.104500 ms (FindLiveObjects: 0.233100 ms CreateObjectMapping: 0.045900 ms MarkObjects: 1.805800 ms  DeleteObjects: 0.018500 ms)

========================================================================
Received Import Request.
  Time since last request: 85.959246 seconds.
  path: Assets/Scenes/Level4.unity
  artifactKey: Guid(45405f7db8d2d9242a66981bfdb03e4c) Importer(815301076,1909f56bfc062723c751e8b465ee728b)
Start importing Assets/Scenes/Level4.unity using Guid(45405f7db8d2d9242a66981bfdb03e4c) Importer(815301076,1909f56bfc062723c751e8b465ee728b)  -> (artifact id: 'b732cb7e2cc8fd1c13a32ba4264ff1ce') in 0.016922 seconds
  Import took 0.020006 seconds .

========================================================================
Received Import Request.
  Time since last request: 10.130039 seconds.
  path: Assets/Scenes/Level5.unity
  artifactKey: Guid(4ae999b1b46ce2749b8604113747508f) Importer(815301076,1909f56bfc062723c751e8b465ee728b)
Start importing Assets/Scenes/Level5.unity using Guid(4ae999b1b46ce2749b8604113747508f) Importer(815301076,1909f56bfc062723c751e8b465ee728b)  -> (artifact id: '4a6497e7dbeb2ae55eb1562f9359e09a') in 0.008004 seconds
  Import took 0.011191 seconds .

========================================================================
Received Import Request.
  Time since last request: 32.406494 seconds.
  path: Assets/Scenes/Level6.unity
  artifactKey: Guid(5e16e115124c0bd4898cbb82bc09491e) Importer(815301076,1909f56bfc062723c751e8b465ee728b)
Start importing Assets/Scenes/Level6.unity using Guid(5e16e115124c0bd4898cbb82bc09491e) Importer(815301076,1909f56bfc062723c751e8b465ee728b)  -> (artifact id: '359828c41d5359c502956f803d3bde7e') in 0.007809 seconds
  Import took 0.010950 seconds .

========================================================================
Received Import Request.
  Time since last request: 0.000712 seconds.
  path: Assets/Scenes/Level6.unity
  artifactKey: Guid(5e16e115124c0bd4898cbb82bc09491e) Importer(815301076,1909f56bfc062723c751e8b465ee728b)
Start importing Assets/Scenes/Level6.unity using Guid(5e16e115124c0bd4898cbb82bc09491e) Importer(815301076,1909f56bfc062723c751e8b465ee728b)  -> (artifact id: '359828c41d5359c502956f803d3bde7e') in 0.002936 seconds
  Import took 0.005905 seconds .

========================================================================
Received Import Request.
  Time since last request: 7.222557 seconds.
  path: Assets/Scenes/Level7.unity
  artifactKey: Guid(bdfca1a95a009704196b5ada767204a5) Importer(815301076,1909f56bfc062723c751e8b465ee728b)
Start importing Assets/Scenes/Level7.unity using Guid(bdfca1a95a009704196b5ada767204a5) Importer(815301076,1909f56bfc062723c751e8b465ee728b)  -> (artifact id: '5dfdd1fb726e9b06e3ca6177bd18e021') in 0.010497 seconds
  Import took 0.013520 seconds .

========================================================================
Received Import Request.
  Time since last request: 7.519502 seconds.
  path: Assets/Scenes/Level8.unity
  artifactKey: Guid(ae5aa7ec0193354428ac64b6804b025d) Importer(815301076,1909f56bfc062723c751e8b465ee728b)
Start importing Assets/Scenes/Level8.unity using Guid(ae5aa7ec0193354428ac64b6804b025d) Importer(815301076,1909f56bfc062723c751e8b465ee728b)  -> (artifact id: '7d07d26de9bcdcf3af543dc3327af40c') in 0.007929 seconds
  Import took 0.011171 seconds .

========================================================================
Received Import Request.
  Time since last request: 0.000405 seconds.
  path: Assets/Scenes/Level8.unity
  artifactKey: Guid(ae5aa7ec0193354428ac64b6804b025d) Importer(815301076,1909f56bfc062723c751e8b465ee728b)
Start importing Assets/Scenes/Level8.unity using Guid(ae5aa7ec0193354428ac64b6804b025d) Importer(815301076,1909f56bfc062723c751e8b465ee728b)  -> (artifact id: '7d07d26de9bcdcf3af543dc3327af40c') in 0.002835 seconds
  Import took 0.005990 seconds .

========================================================================
Received Import Request.
  Time since last request: 6.675814 seconds.
  path: Assets/Scenes/Level9.unity
  artifactKey: Guid(7f4e18b6f8ee32a4291fd0c5e237b4eb) Importer(815301076,1909f56bfc062723c751e8b465ee728b)
Start importing Assets/Scenes/Level9.unity using Guid(7f4e18b6f8ee32a4291fd0c5e237b4eb) Importer(815301076,1909f56bfc062723c751e8b465ee728b)  -> (artifact id: '1e3eff3a0f88fb57c4492fd4d7382b26') in 0.007653 seconds
  Import took 0.010646 seconds .

========================================================================
Received Import Request.
  Time since last request: 0.000718 seconds.
  path: Assets/Scenes/Level9.unity
  artifactKey: Guid(7f4e18b6f8ee32a4291fd0c5e237b4eb) Importer(815301076,1909f56bfc062723c751e8b465ee728b)
Start importing Assets/Scenes/Level9.unity using Guid(7f4e18b6f8ee32a4291fd0c5e237b4eb) Importer(815301076,1909f56bfc062723c751e8b465ee728b)  -> (artifact id: '1e3eff3a0f88fb57c4492fd4d7382b26') in 0.002856 seconds
  Import took 0.005721 seconds .

========================================================================
Received Prepare
Registering precompiled user dll's ...
Registered in 0.001117 seconds.
Begin MonoManager ReloadAssembly
Native extension for WindowsStandalone target not found
Native extension for WebGL target not found
Refreshing native plugins compatible for Editor in 0.39 ms, found 1 plugins.
Preloading 0 native plugins for Editor in 0.00 ms.
Invoked RoslynAnalysisRunner static constructor.
RoslynAnalysisRunner will not be running.
RoslynAnalysisRunner has terminated.
Mono: successfully reloaded assembly
- Completed reload, in  0.932 seconds
Platform modules already initialized, skipping
Refreshing native plugins compatible for Editor in 0.45 ms, found 1 plugins.
Preloading 0 native plugins for Editor in 0.00 ms.
Unloading 1828 Unused Serialized files (Serialized files now loaded: 0)
System memory in use before: 89.4 MB.
System memory in use after: 89.5 MB.

Unloading 8 unused Assets to reduce memory usage. Loaded Objects now: 2323.
Total: 1.896500 ms (FindLiveObjects: 0.213500 ms CreateObjectMapping: 0.044300 ms MarkObjects: 1.624600 ms  DeleteObjects: 0.013100 ms)

========================================================================
Received Prepare
Registering precompiled user dll's ...
Registered in 0.001495 seconds.
Begin MonoManager ReloadAssembly
Native extension for WindowsStandalone target not found
Native extension for WebGL target not found
Refreshing native plugins compatible for Editor in 0.51 ms, found 1 plugins.
Preloading 0 native plugins for Editor in 0.00 ms.
Invoked RoslynAnalysisRunner static constructor.
RoslynAnalysisRunner will not be running.
RoslynAnalysisRunner has terminated.
Mono: successfully reloaded assembly
- Completed reload, in  0.962 seconds
Platform modules already initialized, skipping
Refreshing native plugins compatible for Editor in 0.79 ms, found 1 plugins.
Preloading 0 native plugins for Editor in 0.00 ms.
Unloading 1828 Unused Serialized files (Serialized files now loaded: 0)
System memory in use before: 89.4 MB.
System memory in use after: 89.5 MB.

Unloading 8 unused Assets to reduce memory usage. Loaded Objects now: 2326.
Total: 2.428900 ms (FindLiveObjects: 0.275100 ms CreateObjectMapping: 0.052100 ms MarkObjects: 2.083200 ms  DeleteObjects: 0.016800 ms)

========================================================================
Received Prepare
Registering precompiled user dll's ...
Registered in 0.001117 seconds.
Begin MonoManager ReloadAssembly
Native extension for WindowsStandalone target not found
Native extension for WebGL target not found
Refreshing native plugins compatible for Editor in 0.40 ms, found 1 plugins.
Preloading 0 native plugins for Editor in 0.00 ms.
Invoked RoslynAnalysisRunner static constructor.
RoslynAnalysisRunner will not be running.
RoslynAnalysisRunner has terminated.
Mono: successfully reloaded assembly
- Completed reload, in  0.917 seconds
Platform modules already initialized, skipping
Refreshing native plugins compatible for Editor in 0.41 ms, found 1 plugins.
Preloading 0 native plugins for Editor in 0.00 ms.
Unloading 1828 Unused Serialized files (Serialized files now loaded: 0)
System memory in use before: 89.4 MB.
System memory in use after: 89.5 MB.

Unloading 8 unused Assets to reduce memory usage. Loaded Objects now: 2329.
Total: 2.113700 ms (FindLiveObjects: 0.238500 ms CreateObjectMapping: 0.049900 ms MarkObjects: 1.807100 ms  DeleteObjects: 0.016800 ms)

========================================================================
Received Prepare
Registering precompiled user dll's ...
Registered in 0.001094 seconds.
Begin MonoManager ReloadAssembly
Native extension for WindowsStandalone target not found
Native extension for WebGL target not found
Refreshing native plugins compatible for Editor in 0.41 ms, found 1 plugins.
Preloading 0 native plugins for Editor in 0.00 ms.
Invoked RoslynAnalysisRunner static constructor.
RoslynAnalysisRunner will not be running.
RoslynAnalysisRunner has terminated.
Mono: successfully reloaded assembly
- Completed reload, in  0.917 seconds
Platform modules already initialized, skipping
Refreshing native plugins compatible for Editor in 0.40 ms, found 1 plugins.
Preloading 0 native plugins for Editor in 0.00 ms.
Unloading 1828 Unused Serialized files (Serialized files now loaded: 0)
System memory in use before: 89.4 MB.
System memory in use after: 89.5 MB.

Unloading 8 unused Assets to reduce memory usage. Loaded Objects now: 2332.
Total: 2.134500 ms (FindLiveObjects: 0.216100 ms CreateObjectMapping: 0.046700 ms MarkObjects: 1.850800 ms  DeleteObjects: 0.019300 ms)

========================================================================
Received Import Request.
  Time since last request: 2051.382975 seconds.
  path: Assets/prefabs/ObjektyObchod.prefab
  artifactKey: Guid(23a45f5621efd30469758cae44ec0597) Importer(815301076,1909f56bfc062723c751e8b465ee728b)
Start importing Assets/prefabs/ObjektyObchod.prefab using Guid(23a45f5621efd30469758cae44ec0597) Importer(815301076,1909f56bfc062723c751e8b465ee728b)  -> (artifact id: '31623905601b3a6a72728cd26f2a2b47') in 0.222444 seconds
  Import took 0.227822 seconds .

========================================================================
Received Import Request.
  Time since last request: 5.128969 seconds.
  path: Assets/prefabs/ObjektyObchod.prefab
  artifactKey: Guid(23a45f5621efd30469758cae44ec0597) Importer(815301076,1909f56bfc062723c751e8b465ee728b)
Start importing Assets/prefabs/ObjektyObchod.prefab using Guid(23a45f5621efd30469758cae44ec0597) Importer(815301076,1909f56bfc062723c751e8b465ee728b)  -> (artifact id: 'c561cd276eb6d478b7709a538abaafcd') in 0.054658 seconds
  Import took 0.059123 seconds .

========================================================================
Received Import Request.
  Time since last request: 0.978401 seconds.
  path: Assets/prefabs/ObjektyObchod.prefab
  artifactKey: Guid(23a45f5621efd30469758cae44ec0597) Importer(815301076,1909f56bfc062723c751e8b465ee728b)
Start importing Assets/prefabs/ObjektyObchod.prefab using Guid(23a45f5621efd30469758cae44ec0597) Importer(815301076,1909f56bfc062723c751e8b465ee728b)  -> (artifact id: 'eb9876973da193c17d9102e9be7c13bb') in 0.046996 seconds
  Import took 0.051464 seconds .

========================================================================
Received Import Request.
  Time since last request: 10.045431 seconds.
  path: Assets/prefabs/ObjektyObchod.prefab
  artifactKey: Guid(23a45f5621efd30469758cae44ec0597) Importer(815301076,1909f56bfc062723c751e8b465ee728b)
Start importing Assets/prefabs/ObjektyObchod.prefab using Guid(23a45f5621efd30469758cae44ec0597) Importer(815301076,1909f56bfc062723c751e8b465ee728b)  -> (artifact id: '681c08bd14ef1094c136106de79c9245') in 0.048501 seconds
  Import took 0.053379 seconds .

========================================================================
Received Import Request.
  Time since last request: 2.358674 seconds.
  path: Assets/prefabs/ObjektyObchod.prefab
  artifactKey: Guid(23a45f5621efd30469758cae44ec0597) Importer(815301076,1909f56bfc062723c751e8b465ee728b)
Start importing Assets/prefabs/ObjektyObchod.prefab using Guid(23a45f5621efd30469758cae44ec0597) Importer(815301076,1909f56bfc062723c751e8b465ee728b)  -> (artifact id: 'c9ad80be09b1600643674a23ef1cdfdc') in 0.049416 seconds
  Import took 0.053887 seconds .

========================================================================
Received Import Request.
  Time since last request: 3.586142 seconds.
  path: Assets/prefabs/ObjektyObchod.prefab
  artifactKey: Guid(23a45f5621efd30469758cae44ec0597) Importer(815301076,1909f56bfc062723c751e8b465ee728b)
Start importing Assets/prefabs/ObjektyObchod.prefab using Guid(23a45f5621efd30469758cae44ec0597) Importer(815301076,1909f56bfc062723c751e8b465ee728b)  -> (artifact id: 'e59f8721e3ee4420ea64bac2f6039236') in 0.066213 seconds
  Import took 0.073244 seconds .

========================================================================
Received Import Request.
  Time since last request: 2.762768 seconds.
  path: Assets/prefabs/ObjektyObchod.prefab
  artifactKey: Guid(23a45f5621efd30469758cae44ec0597) Importer(815301076,1909f56bfc062723c751e8b465ee728b)
Start importing Assets/prefabs/ObjektyObchod.prefab using Guid(23a45f5621efd30469758cae44ec0597) Importer(815301076,1909f56bfc062723c751e8b465ee728b)  -> (artifact id: '5000eea69ebb09ff6d0a52da6c121451') in 0.050108 seconds
  Import took 0.054687 seconds .

========================================================================
Received Import Request.
  Time since last request: 2.558323 seconds.
  path: Assets/prefabs/ObjektyObchod.prefab
  artifactKey: Guid(23a45f5621efd30469758cae44ec0597) Importer(815301076,1909f56bfc062723c751e8b465ee728b)
Start importing Assets/prefabs/ObjektyObchod.prefab using Guid(23a45f5621efd30469758cae44ec0597) Importer(815301076,1909f56bfc062723c751e8b465ee728b)  -> (artifact id: 'c60a4cf95b9584352bbdc51409f9cc9a') in 0.049719 seconds
  Import took 0.054767 seconds .

========================================================================
Received Import Request.
  Time since last request: 1.145676 seconds.
  path: Assets/prefabs/ObjektyObchod.prefab
  artifactKey: Guid(23a45f5621efd30469758cae44ec0597) Importer(815301076,1909f56bfc062723c751e8b465ee728b)
Start importing Assets/prefabs/ObjektyObchod.prefab using Guid(23a45f5621efd30469758cae44ec0597) Importer(815301076,1909f56bfc062723c751e8b465ee728b)  -> (artifact id: 'd79e3e9220812c992cc713c50c7b5341') in 0.048997 seconds
  Import took 0.053428 seconds .

========================================================================
Received Import Request.
  Time since last request: 2.576683 seconds.
  path: Assets/prefabs/ObjektyObchod.prefab
  artifactKey: Guid(23a45f5621efd30469758cae44ec0597) Importer(815301076,1909f56bfc062723c751e8b465ee728b)
Start importing Assets/prefabs/ObjektyObchod.prefab using Guid(23a45f5621efd30469758cae44ec0597) Importer(815301076,1909f56bfc062723c751e8b465ee728b)  -> (artifact id: '2a6f6be559a8486a625ed21688e2ed9d') in 0.046577 seconds
  Import took 0.050973 seconds .

========================================================================
Received Import Request.
  Time since last request: 11.702113 seconds.
  path: Assets/prefabs/ObjektyObchod.prefab
  artifactKey: Guid(23a45f5621efd30469758cae44ec0597) Importer(815301076,1909f56bfc062723c751e8b465ee728b)
Start importing Assets/prefabs/ObjektyObchod.prefab using Guid(23a45f5621efd30469758cae44ec0597) Importer(815301076,1909f56bfc062723c751e8b465ee728b)  -> (artifact id: 'fa36dd35ee1ef4eaf8f3818572618db2') in 0.061433 seconds
  Import took 0.065986 seconds .

========================================================================
Received Import Request.
  Time since last request: 1.068601 seconds.
  path: Assets/prefabs/ObjektyObchod.prefab
  artifactKey: Guid(23a45f5621efd30469758cae44ec0597) Importer(815301076,1909f56bfc062723c751e8b465ee728b)
Start importing Assets/prefabs/ObjektyObchod.prefab using Guid(23a45f5621efd30469758cae44ec0597) Importer(815301076,1909f56bfc062723c751e8b465ee728b)  -> (artifact id: '6f232375e1481c320362f83c6c8eac7a') in 0.049276 seconds
  Import took 0.053752 seconds .

========================================================================
Received Import Request.
  Time since last request: 1.970653 seconds.
  path: Assets/prefabs/ObjektyObchod.prefab
  artifactKey: Guid(23a45f5621efd30469758cae44ec0597) Importer(815301076,1909f56bfc062723c751e8b465ee728b)
Start importing Assets/prefabs/ObjektyObchod.prefab using Guid(23a45f5621efd30469758cae44ec0597) Importer(815301076,1909f56bfc062723c751e8b465ee728b)  -> (artifact id: '5196e3975187968375a20f8f06b7b648') in 0.050395 seconds
  Import took 0.055218 seconds .

========================================================================
Received Import Request.
  Time since last request: 1.166984 seconds.
  path: Assets/prefabs/ObjektyObchod.prefab
  artifactKey: Guid(23a45f5621efd30469758cae44ec0597) Importer(815301076,1909f56bfc062723c751e8b465ee728b)
Start importing Assets/prefabs/ObjektyObchod.prefab using Guid(23a45f5621efd30469758cae44ec0597) Importer(815301076,1909f56bfc062723c751e8b465ee728b)  -> (artifact id: '1f45aff6eb9462c6ee5c8aa639af0f12') in 0.051441 seconds
  Import took 0.055991 seconds .

========================================================================
Received Import Request.
  Time since last request: 1.347000 seconds.
  path: Assets/prefabs/ObjektyObchod.prefab
  artifactKey: Guid(23a45f5621efd30469758cae44ec0597) Importer(815301076,1909f56bfc062723c751e8b465ee728b)
Start importing Assets/prefabs/ObjektyObchod.prefab using Guid(23a45f5621efd30469758cae44ec0597) Importer(815301076,1909f56bfc062723c751e8b465ee728b)  -> (artifact id: '4c6c2c2e9504ce552db4675036c334ab') in 0.047455 seconds
  Import took 0.051998 seconds .

========================================================================
Received Import Request.
  Time since last request: 7.788544 seconds.
  path: Assets/prefabs/ObjektyObchod.prefab
  artifactKey: Guid(23a45f5621efd30469758cae44ec0597) Importer(815301076,1909f56bfc062723c751e8b465ee728b)
Start importing Assets/prefabs/ObjektyObchod.prefab using Guid(23a45f5621efd30469758cae44ec0597) Importer(815301076,1909f56bfc062723c751e8b465ee728b)  -> (artifact id: 'd412137cf66495464c1701fe7dc0a516') in 0.052332 seconds
  Import took 0.056820 seconds .

========================================================================
Received Import Request.
  Time since last request: 9.432620 seconds.
  path: Assets/prefabs/ObjektyObchod.prefab
  artifactKey: Guid(23a45f5621efd30469758cae44ec0597) Importer(815301076,1909f56bfc062723c751e8b465ee728b)
Start importing Assets/prefabs/ObjektyObchod.prefab using Guid(23a45f5621efd30469758cae44ec0597) Importer(815301076,1909f56bfc062723c751e8b465ee728b)  -> (artifact id: '8585e865a879e2948f5aae5277e2912d') in 0.046910 seconds
  Import took 0.051335 seconds .

========================================================================
Received Import Request.
  Time since last request: 12.531832 seconds.
  path: Assets/prefabs/ObjektyObchod.prefab
  artifactKey: Guid(23a45f5621efd30469758cae44ec0597) Importer(815301076,1909f56bfc062723c751e8b465ee728b)
Start importing Assets/prefabs/ObjektyObchod.prefab using Guid(23a45f5621efd30469758cae44ec0597) Importer(815301076,1909f56bfc062723c751e8b465ee728b)  -> (artifact id: '2b135cbdb621c93633265371a0e371b8') in 0.048355 seconds
  Import took 0.052873 seconds .

========================================================================
Received Import Request.
  Time since last request: 44.303824 seconds.
  path: Assets/Scenes/Level2.unity
  artifactKey: Guid(9d9bdbeadcf46f140a817154a3f1ddc7) Importer(815301076,1909f56bfc062723c751e8b465ee728b)
Start importing Assets/Scenes/Level2.unity using Guid(9d9bdbeadcf46f140a817154a3f1ddc7) Importer(815301076,1909f56bfc062723c751e8b465ee728b)  -> (artifact id: '471ee59e0f294475ebe366e3132b24c7') in 0.008234 seconds
  Import took 0.011327 seconds .

========================================================================
Received Import Request.
  Time since last request: 17.438369 seconds.
  path: Assets/Scenes/Level3.unity
  artifactKey: Guid(430d6804dec0cfc43a59378e56f7ae12) Importer(815301076,1909f56bfc062723c751e8b465ee728b)
Start importing Assets/Scenes/Level3.unity using Guid(430d6804dec0cfc43a59378e56f7ae12) Importer(815301076,1909f56bfc062723c751e8b465ee728b)  -> (artifact id: '755b1bfadb1be16b908c66b9bd79e8ea') in 0.002915 seconds
  Import took 0.005971 seconds .

========================================================================
Received Import Request.
  Time since last request: 11.554768 seconds.
  path: Assets/Scenes/Level4.unity
  artifactKey: Guid(45405f7db8d2d9242a66981bfdb03e4c) Importer(815301076,1909f56bfc062723c751e8b465ee728b)
Start importing Assets/Scenes/Level4.unity using Guid(45405f7db8d2d9242a66981bfdb03e4c) Importer(815301076,1909f56bfc062723c751e8b465ee728b)  -> (artifact id: 'b71715be67c7e86e2a120094e0164a87') in 0.002876 seconds
  Import took 0.006070 seconds .

========================================================================
Received Import Request.
  Time since last request: 18.349721 seconds.
  path: Assets/Scenes/Level5.unity
  artifactKey: Guid(4ae999b1b46ce2749b8604113747508f) Importer(815301076,1909f56bfc062723c751e8b465ee728b)
Start importing Assets/Scenes/Level5.unity using Guid(4ae999b1b46ce2749b8604113747508f) Importer(815301076,1909f56bfc062723c751e8b465ee728b)  -> (artifact id: 'cadcd7c74ffa7af3a022ef0a6ba83b92') in 0.003209 seconds
  Import took 0.006168 seconds .

========================================================================
Received Import Request.
  Time since last request: 11.898461 seconds.
  path: Assets/Scenes/Level6.unity
  artifactKey: Guid(5e16e115124c0bd4898cbb82bc09491e) Importer(815301076,1909f56bfc062723c751e8b465ee728b)
Start importing Assets/Scenes/Level6.unity using Guid(5e16e115124c0bd4898cbb82bc09491e) Importer(815301076,1909f56bfc062723c751e8b465ee728b)  -> (artifact id: 'cf3a5793a793137de0c9f018900c5ffb') in 0.003069 seconds
  Import took 0.006021 seconds .

========================================================================
Received Import Request.
  Time since last request: 18.810232 seconds.
  path: Assets/Scenes/Level7.unity
  artifactKey: Guid(bdfca1a95a009704196b5ada767204a5) Importer(815301076,1909f56bfc062723c751e8b465ee728b)
Start importing Assets/Scenes/Level7.unity using Guid(bdfca1a95a009704196b5ada767204a5) Importer(815301076,1909f56bfc062723c751e8b465ee728b)  -> (artifact id: '7040af2065fcc38d554a80aed0ed9808') in 0.002871 seconds
  Import took 0.005804 seconds .

========================================================================
Received Import Request.
  Time since last request: 12.531028 seconds.
  path: Assets/Scenes/Level8.unity
  artifactKey: Guid(ae5aa7ec0193354428ac64b6804b025d) Importer(815301076,1909f56bfc062723c751e8b465ee728b)
Start importing Assets/Scenes/Level8.unity using Guid(ae5aa7ec0193354428ac64b6804b025d) Importer(815301076,1909f56bfc062723c751e8b465ee728b)  -> (artifact id: '85bbacb12e1607459530056b46b8f53f') in 0.008013 seconds
  Import took 0.011117 seconds .

========================================================================
Received Import Request.
  Time since last request: 13.425705 seconds.
  path: Assets/Scenes/Level9.unity
  artifactKey: Guid(7f4e18b6f8ee32a4291fd0c5e237b4eb) Importer(815301076,1909f56bfc062723c751e8b465ee728b)
Start importing Assets/Scenes/Level9.unity using Guid(7f4e18b6f8ee32a4291fd0c5e237b4eb) Importer(815301076,1909f56bfc062723c751e8b465ee728b)  -> (artifact id: '52c9fbe2b79218a66e6d3bbd8fee06b2') in 0.007856 seconds
  Import took 0.010850 seconds .

========================================================================
Received Import Request.
  Time since last request: 10.545208 seconds.
  path: Assets/Scenes/Level10.unity
  artifactKey: Guid(3bdb0a6b15f19a740aad2a40e437ef1c) Importer(815301076,1909f56bfc062723c751e8b465ee728b)
Start importing Assets/Scenes/Level10.unity using Guid(3bdb0a6b15f19a740aad2a40e437ef1c) Importer(815301076,1909f56bfc062723c751e8b465ee728b)  -> (artifact id: '08cef31b1e23086021d69920894819e0') in 0.009348 seconds
  Import took 0.013042 seconds .

========================================================================
Received Prepare
Registering precompiled user dll's ...
Registered in 0.001103 seconds.
Begin MonoManager ReloadAssembly
Native extension for WindowsStandalone target not found
Native extension for WebGL target not found
Refreshing native plugins compatible for Editor in 0.39 ms, found 1 plugins.
Preloading 0 native plugins for Editor in 0.00 ms.
Invoked RoslynAnalysisRunner static constructor.
RoslynAnalysisRunner will not be running.
RoslynAnalysisRunner has terminated.
Mono: successfully reloaded assembly
- Completed reload, in  0.962 seconds
Platform modules already initialized, skipping
Refreshing native plugins compatible for Editor in 0.43 ms, found 1 plugins.
Preloading 0 native plugins for Editor in 0.00 ms.
Unloading 1828 Unused Serialized files (Serialized files now loaded: 0)
System memory in use before: 89.7 MB.
System memory in use after: 89.8 MB.

Unloading 10 unused Assets to reduce memory usage. Loaded Objects now: 2335.
Total: 2.064800 ms (FindLiveObjects: 0.193500 ms CreateObjectMapping: 0.045400 ms MarkObjects: 1.795100 ms  DeleteObjects: 0.029600 ms)

========================================================================
Received Prepare
Registering precompiled user dll's ...
Registered in 0.001099 seconds.
Begin MonoManager ReloadAssembly
Native extension for WindowsStandalone target not found
Native extension for WebGL target not found
Refreshing native plugins compatible for Editor in 0.47 ms, found 1 plugins.
Preloading 0 native plugins for Editor in 0.00 ms.
Invoked RoslynAnalysisRunner static constructor.
RoslynAnalysisRunner will not be running.
RoslynAnalysisRunner has terminated.
Mono: successfully reloaded assembly
- Completed reload, in  0.919 seconds
Platform modules already initialized, skipping
Refreshing native plugins compatible for Editor in 0.50 ms, found 1 plugins.
Preloading 0 native plugins for Editor in 0.00 ms.
Unloading 1828 Unused Serialized files (Serialized files now loaded: 0)
System memory in use before: 89.7 MB.
System memory in use after: 89.8 MB.

Unloading 8 unused Assets to reduce memory usage. Loaded Objects now: 2338.
Total: 2.041300 ms (FindLiveObjects: 0.224700 ms CreateObjectMapping: 0.045700 ms MarkObjects: 1.752600 ms  DeleteObjects: 0.017100 ms)

========================================================================
Received Prepare
Registering precompiled user dll's ...
Registered in 0.001405 seconds.
Begin MonoManager ReloadAssembly
Native extension for WindowsStandalone target not found
Native extension for WebGL target not found
Refreshing native plugins compatible for Editor in 0.49 ms, found 1 plugins.
Preloading 0 native plugins for Editor in 0.00 ms.
Invoked RoslynAnalysisRunner static constructor.
RoslynAnalysisRunner will not be running.
RoslynAnalysisRunner has terminated.
Mono: successfully reloaded assembly
- Completed reload, in  0.931 seconds
Platform modules already initialized, skipping
Refreshing native plugins compatible for Editor in 0.42 ms, found 1 plugins.
Preloading 0 native plugins for Editor in 0.00 ms.
Unloading 1828 Unused Serialized files (Serialized files now loaded: 0)
System memory in use before: 89.7 MB.
System memory in use after: 89.8 MB.

Unloading 8 unused Assets to reduce memory usage. Loaded Objects now: 2341.
Total: 2.492600 ms (FindLiveObjects: 0.230200 ms CreateObjectMapping: 0.044600 ms MarkObjects: 2.172800 ms  DeleteObjects: 0.043500 ms)

========================================================================
Received Prepare
Refreshing native plugins compatible for Editor in 2.42 ms, found 1 plugins.
Preloading 0 native plugins for Editor in 0.00 ms.
Unloading 6 Unused Serialized files (Serialized files now loaded: 0)
System memory in use before: 53.7 MB.
System memory in use after: 53.8 MB.

Unloading 5 unused Assets to reduce memory usage. Loaded Objects now: 2341.
Total: 2.031600 ms (FindLiveObjects: 0.219200 ms CreateObjectMapping: 0.045000 ms MarkObjects: 1.752400 ms  DeleteObjects: 0.013900 ms)

========================================================================
Received Prepare
Registering precompiled user dll's ...
Registered in 0.001125 seconds.
Begin MonoManager ReloadAssembly
Native extension for WindowsStandalone target not found
Native extension for WebGL target not found
Refreshing native plugins compatible for Editor in 0.39 ms, found 1 plugins.
Preloading 0 native plugins for Editor in 0.00 ms.
Invoked RoslynAnalysisRunner static constructor.
RoslynAnalysisRunner will not be running.
RoslynAnalysisRunner has terminated.
Mono: successfully reloaded assembly
- Completed reload, in  0.946 seconds
Platform modules already initialized, skipping
Refreshing native plugins compatible for Editor in 0.39 ms, found 1 plugins.
Preloading 0 native plugins for Editor in 0.00 ms.
Unloading 1828 Unused Serialized files (Serialized files now loaded: 0)
System memory in use before: 89.7 MB.
System memory in use after: 89.8 MB.

Unloading 8 unused Assets to reduce memory usage. Loaded Objects now: 2344.
Total: 2.066700 ms (FindLiveObjects: 0.232400 ms CreateObjectMapping: 0.045900 ms MarkObjects: 1.773000 ms  DeleteObjects: 0.014600 ms)

========================================================================
Received Prepare
Registering precompiled user dll's ...
Registered in 0.001131 seconds.
Begin MonoManager ReloadAssembly
Native extension for WindowsStandalone target not found
Native extension for WebGL target not found
Refreshing native plugins compatible for Editor in 0.44 ms, found 1 plugins.
Preloading 0 native plugins for Editor in 0.00 ms.
Invoked RoslynAnalysisRunner static constructor.
RoslynAnalysisRunner will not be running.
RoslynAnalysisRunner has terminated.
Mono: successfully reloaded assembly
- Completed reload, in  0.946 seconds
Platform modules already initialized, skipping
Refreshing native plugins compatible for Editor in 0.40 ms, found 1 plugins.
Preloading 0 native plugins for Editor in 0.00 ms.
Unloading 1828 Unused Serialized files (Serialized files now loaded: 0)
System memory in use before: 89.7 MB.
System memory in use after: 89.8 MB.

Unloading 8 unused Assets to reduce memory usage. Loaded Objects now: 2347.
Total: 2.285500 ms (FindLiveObjects: 0.258700 ms CreateObjectMapping: 0.051800 ms MarkObjects: 1.955900 ms  DeleteObjects: 0.018000 ms)

========================================================================
Received Import Request.
  Time since last request: 2705.991727 seconds.
  path: Assets/Scenes/Level1.unity
  artifactKey: Guid(c12f2e4e587be9247a34656d1096de5b) Importer(815301076,1909f56bfc062723c751e8b465ee728b)
Start importing Assets/Scenes/Level1.unity using Guid(c12f2e4e587be9247a34656d1096de5b) Importer(815301076,1909f56bfc062723c751e8b465ee728b)  -> (artifact id: 'db09a08a5de0ea06708260d66ea9174c') in 0.040984 seconds
  Import took 0.044677 seconds .

========================================================================
Received Prepare
Registering precompiled user dll's ...
Registered in 0.001082 seconds.
Begin MonoManager ReloadAssembly
Native extension for WindowsStandalone target not found
Native extension for WebGL target not found
Refreshing native plugins compatible for Editor in 0.40 ms, found 1 plugins.
Preloading 0 native plugins for Editor in 0.00 ms.
Invoked RoslynAnalysisRunner static constructor.
RoslynAnalysisRunner will not be running.
RoslynAnalysisRunner has terminated.
Mono: successfully reloaded assembly
- Completed reload, in  0.908 seconds
Platform modules already initialized, skipping
Refreshing native plugins compatible for Editor in 0.41 ms, found 1 plugins.
Preloading 0 native plugins for Editor in 0.00 ms.
Unloading 1828 Unused Serialized files (Serialized files now loaded: 0)
System memory in use before: 89.7 MB.
System memory in use after: 89.8 MB.

Unloading 8 unused Assets to reduce memory usage. Loaded Objects now: 2350.
Total: 2.290500 ms (FindLiveObjects: 0.239300 ms CreateObjectMapping: 0.047900 ms MarkObjects: 1.984700 ms  DeleteObjects: 0.017500 ms)

========================================================================
Received Prepare
Registering precompiled user dll's ...
Registered in 0.001113 seconds.
Begin MonoManager ReloadAssembly
Native extension for WindowsStandalone target not found
Native extension for WebGL target not found
Refreshing native plugins compatible for Editor in 0.69 ms, found 1 plugins.
Preloading 0 native plugins for Editor in 0.00 ms.
Invoked RoslynAnalysisRunner static constructor.
RoslynAnalysisRunner will not be running.
RoslynAnalysisRunner has terminated.
Mono: successfully reloaded assembly
- Completed reload, in  2.243 seconds
Platform modules already initialized, skipping
Refreshing native plugins compatible for Editor in 0.66 ms, found 1 plugins.
Preloading 0 native plugins for Editor in 0.00 ms.
Unloading 1828 Unused Serialized files (Serialized files now loaded: 0)
System memory in use before: 89.7 MB.
System memory in use after: 89.8 MB.

Unloading 8 unused Assets to reduce memory usage. Loaded Objects now: 2353.
Total: 2.780500 ms (FindLiveObjects: 0.414800 ms CreateObjectMapping: 0.103200 ms MarkObjects: 2.239000 ms  DeleteObjects: 0.021900 ms)

========================================================================
Received Prepare
Refreshing native plugins compatible for Editor in 1.91 ms, found 1 plugins.
Preloading 0 native plugins for Editor in 0.00 ms.
Unloading 6 Unused Serialized files (Serialized files now loaded: 0)
System memory in use before: 53.7 MB.
System memory in use after: 53.8 MB.

Unloading 5 unused Assets to reduce memory usage. Loaded Objects now: 2353.
Total: 2.229400 ms (FindLiveObjects: 0.245200 ms CreateObjectMapping: 0.049400 ms MarkObjects: 1.918200 ms  DeleteObjects: 0.015300 ms)

AssetImportWorkerClient::OnTransportError - code=2 error=End of file
